[2026-01-20 16:40:30Z INFO HostContext] No proxy settings were found based on environmental variables (http_proxy/https_proxy/HTTP_PROXY/HTTPS_PROXY)
[2026-01-20 16:40:30Z INFO HostContext] Well known directory 'Bin': 'C:\Users\samri\OneDrive\Documents\VSC Files\DevOps\markdown-editor\actions-runner\bin'
[2026-01-20 16:40:30Z INFO HostContext] Well known directory 'Root': 'C:\Users\samri\OneDrive\Documents\VSC Files\DevOps\markdown-editor\actions-runner'
[2026-01-20 16:40:30Z INFO HostContext] Well known config file 'Credentials': 'C:\Users\samri\OneDrive\Documents\VSC Files\DevOps\markdown-editor\actions-runner\.credentials'
[2026-01-20 16:40:30Z INFO HostContext] Well known directory 'Bin': 'C:\Users\samri\OneDrive\Documents\VSC Files\DevOps\markdown-editor\actions-runner\bin'
[2026-01-20 16:40:30Z INFO HostContext] Well known directory 'Root': 'C:\Users\samri\OneDrive\Documents\VSC Files\DevOps\markdown-editor\actions-runner'
[2026-01-20 16:40:30Z INFO HostContext] Well known config file 'Runner': 'C:\Users\samri\OneDrive\Documents\VSC Files\DevOps\markdown-editor\actions-runner\.runner'
[2026-01-20 16:40:30Z INFO Listener] Runner is built for Windows (X64) - win-x64.
[2026-01-20 16:40:30Z INFO Listener] RuntimeInformation: Microsoft Windows 10.0.26200.
[2026-01-20 16:40:30Z INFO Listener] Version: 2.331.0
[2026-01-20 16:40:30Z INFO Listener] Commit: 39f6c643d3032f8795fa71f1482731ca90c8e038
[2026-01-20 16:40:30Z INFO Listener] Culture: en-IN
[2026-01-20 16:40:30Z INFO Listener] UI Culture: en-US
[2026-01-20 16:40:30Z INFO HostContext] Well known directory 'Bin': 'C:\Users\samri\OneDrive\Documents\VSC Files\DevOps\markdown-editor\actions-runner\bin'
[2026-01-20 16:40:30Z INFO HostContext] Well known directory 'Root': 'C:\Users\samri\OneDrive\Documents\VSC Files\DevOps\markdown-editor\actions-runner'
[2026-01-20 16:40:30Z INFO Listener] Validating directory permissions for: 'C:\Users\samri\OneDrive\Documents\VSC Files\DevOps\markdown-editor\actions-runner'
[2026-01-20 16:40:30Z INFO CommandLineParser] Parse
[2026-01-20 16:40:30Z INFO CommandLineParser] Parsing 1 args
[2026-01-20 16:40:30Z INFO CommandLineParser] parsing argument
[2026-01-20 16:40:30Z INFO CommandLineParser] HasArgs: False
[2026-01-20 16:40:30Z INFO CommandLineParser] Adding Command: run
[2026-01-20 16:40:30Z INFO Listener] Arguments parsed
[2026-01-20 16:40:30Z INFO Runner] ExecuteCommand
[2026-01-20 16:40:30Z INFO ConfigurationStore] currentAssemblyLocation: C:\Users\samri\OneDrive\Documents\VSC Files\DevOps\markdown-editor\actions-runner\bin\Runner.Listener.dll
[2026-01-20 16:40:30Z INFO HostContext] Well known directory 'Bin': 'C:\Users\samri\OneDrive\Documents\VSC Files\DevOps\markdown-editor\actions-runner\bin'
[2026-01-20 16:40:30Z INFO ConfigurationStore] binPath: C:\Users\samri\OneDrive\Documents\VSC Files\DevOps\markdown-editor\actions-runner\bin
[2026-01-20 16:40:30Z INFO HostContext] Well known directory 'Bin': 'C:\Users\samri\OneDrive\Documents\VSC Files\DevOps\markdown-editor\actions-runner\bin'
[2026-01-20 16:40:30Z INFO HostContext] Well known directory 'Root': 'C:\Users\samri\OneDrive\Documents\VSC Files\DevOps\markdown-editor\actions-runner'
[2026-01-20 16:40:30Z INFO ConfigurationStore] RootFolder: C:\Users\samri\OneDrive\Documents\VSC Files\DevOps\markdown-editor\actions-runner
[2026-01-20 16:40:30Z INFO HostContext] Well known directory 'Bin': 'C:\Users\samri\OneDrive\Documents\VSC Files\DevOps\markdown-editor\actions-runner\bin'
[2026-01-20 16:40:30Z INFO HostContext] Well known directory 'Root': 'C:\Users\samri\OneDrive\Documents\VSC Files\DevOps\markdown-editor\actions-runner'
[2026-01-20 16:40:30Z INFO HostContext] Well known config file 'Runner': 'C:\Users\samri\OneDrive\Documents\VSC Files\DevOps\markdown-editor\actions-runner\.runner'
[2026-01-20 16:40:30Z INFO ConfigurationStore] ConfigFilePath: C:\Users\samri\OneDrive\Documents\VSC Files\DevOps\markdown-editor\actions-runner\.runner
[2026-01-20 16:40:30Z INFO HostContext] Well known directory 'Bin': 'C:\Users\samri\OneDrive\Documents\VSC Files\DevOps\markdown-editor\actions-runner\bin'
[2026-01-20 16:40:30Z INFO HostContext] Well known directory 'Root': 'C:\Users\samri\OneDrive\Documents\VSC Files\DevOps\markdown-editor\actions-runner'
[2026-01-20 16:40:30Z INFO HostContext] Well known config file 'MigratedRunner': 'C:\Users\samri\OneDrive\Documents\VSC Files\DevOps\markdown-editor\actions-runner\.runner_migrated'
[2026-01-20 16:40:30Z INFO ConfigurationStore] MigratedConfigFilePath: C:\Users\samri\OneDrive\Documents\VSC Files\DevOps\markdown-editor\actions-runner\.runner_migrated
[2026-01-20 16:40:30Z INFO HostContext] Well known directory 'Bin': 'C:\Users\samri\OneDrive\Documents\VSC Files\DevOps\markdown-editor\actions-runner\bin'
[2026-01-20 16:40:30Z INFO HostContext] Well known directory 'Root': 'C:\Users\samri\OneDrive\Documents\VSC Files\DevOps\markdown-editor\actions-runner'
[2026-01-20 16:40:30Z INFO HostContext] Well known config file 'Credentials': 'C:\Users\samri\OneDrive\Documents\VSC Files\DevOps\markdown-editor\actions-runner\.credentials'
[2026-01-20 16:40:30Z INFO ConfigurationStore] CredFilePath: C:\Users\samri\OneDrive\Documents\VSC Files\DevOps\markdown-editor\actions-runner\.credentials
[2026-01-20 16:40:30Z INFO HostContext] Well known directory 'Bin': 'C:\Users\samri\OneDrive\Documents\VSC Files\DevOps\markdown-editor\actions-runner\bin'
[2026-01-20 16:40:30Z INFO HostContext] Well known directory 'Root': 'C:\Users\samri\OneDrive\Documents\VSC Files\DevOps\markdown-editor\actions-runner'
[2026-01-20 16:40:30Z INFO HostContext] Well known config file 'MigratedCredentials': 'C:\Users\samri\OneDrive\Documents\VSC Files\DevOps\markdown-editor\actions-runner\.credentials_migrated'
[2026-01-20 16:40:30Z INFO ConfigurationStore] MigratedCredFilePath: C:\Users\samri\OneDrive\Documents\VSC Files\DevOps\markdown-editor\actions-runner\.credentials_migrated
[2026-01-20 16:40:30Z INFO HostContext] Well known directory 'Bin': 'C:\Users\samri\OneDrive\Documents\VSC Files\DevOps\markdown-editor\actions-runner\bin'
[2026-01-20 16:40:30Z INFO HostContext] Well known directory 'Root': 'C:\Users\samri\OneDrive\Documents\VSC Files\DevOps\markdown-editor\actions-runner'
[2026-01-20 16:40:30Z INFO HostContext] Well known config file 'Service': 'C:\Users\samri\OneDrive\Documents\VSC Files\DevOps\markdown-editor\actions-runner\.service'
[2026-01-20 16:40:30Z INFO ConfigurationStore] ServiceConfigFilePath: C:\Users\samri\OneDrive\Documents\VSC Files\DevOps\markdown-editor\actions-runner\.service
[2026-01-20 16:40:30Z INFO CommandSettings] Flag 'help': 'False'
[2026-01-20 16:40:30Z INFO CommandSettings] Flag 'version': 'False'
[2026-01-20 16:40:30Z INFO CommandSettings] Flag 'commit': 'False'
[2026-01-20 16:40:30Z INFO CommandSettings] Flag 'check': 'False'
[2026-01-20 16:40:30Z INFO CommandSettings] Command 'configure': 'False'
[2026-01-20 16:40:30Z INFO CommandSettings] Command 'remove': 'False'
[2026-01-20 16:40:30Z INFO CommandSettings] Command 'warmup': 'False'
[2026-01-20 16:40:30Z INFO ConfigurationManager] LoadSettings
[2026-01-20 16:40:30Z INFO ConfigurationStore] IsConfigured()
[2026-01-20 16:40:30Z INFO ConfigurationStore] IsConfigured: True
[2026-01-20 16:40:30Z INFO ConfigurationManager] Is configured: True
[2026-01-20 16:40:30Z INFO ConfigurationStore] Read setting file: 400 chars
[2026-01-20 16:40:30Z INFO ConfigurationManager] Settings Loaded
[2026-01-20 16:40:30Z INFO ConfigurationStore] IsServiceConfigured()
[2026-01-20 16:40:30Z INFO ConfigurationStore] IsServiceConfigured: False
[2026-01-20 16:40:30Z INFO CommandSettings] Command 'run': 'True'
[2026-01-20 16:40:30Z INFO ConfigurationStore] IsConfigured()
[2026-01-20 16:40:30Z INFO ConfigurationStore] IsConfigured: True
[2026-01-20 16:40:30Z INFO ConfigurationManager] Is configured: True
[2026-01-20 16:40:30Z INFO Runner] Could not parse the argument value '' for StartupType. Defaulting to Manual
[2026-01-20 16:40:30Z INFO Runner] Set runner startup type - Manual
[2026-01-20 16:40:30Z INFO CommandSettings] Flag 'once': 'False'
[2026-01-20 16:40:30Z INFO CommandSettings] Flag 'once': 'False'
[2026-01-20 16:40:31Z INFO Runner] RunAsync
[2026-01-20 16:40:31Z INFO ConfigurationManager] LoadMigratedSettings
[2026-01-20 16:40:31Z INFO ConfigurationStore] IsMigratedConfigured()
[2026-01-20 16:40:31Z INFO ConfigurationStore] IsMigratedConfigured: False
[2026-01-20 16:40:31Z INFO Runner] Failed to load migrated settings: No migrated configuration found.
[2026-01-20 16:40:31Z INFO Runner] Falling back to original .runner settings
[2026-01-20 16:40:31Z INFO Runner] Using BrokerMessageListener
[2026-01-20 16:40:31Z INFO BrokerMessageListener] Using provided settings
[2026-01-20 16:40:31Z INFO BrokerMessageListener] {
  "AgentId": 4,
  "AgentName": "SAMRIDH-PC",
  "PoolId": 1,
  "PoolName": "Default",
  "ServerUrl": "https://pipelinesghubeus10.actions.githubusercontent.com/cUPVD5hXHwD7XDnRSp16cpvGr8qJEo0IEDVUDpLdeoXXelCCOh/",
  "GitHubUrl": "https://github.com/samxshetty/markdown-editor",
  "WorkFolder": "_work",
  "UseV2Flow": true,
  "ServerUrlV2": "https://broker.actions.githubusercontent.com/"
}
[2026-01-20 16:40:31Z INFO BrokerMessageListener] Loading Credentials
[2026-01-20 16:40:31Z INFO ConfigurationStore] HasCredentials()
[2026-01-20 16:40:31Z INFO ConfigurationStore] stored True
[2026-01-20 16:40:31Z INFO CredentialManager] GetCredentialProvider
[2026-01-20 16:40:31Z INFO CredentialManager] Creating type OAuth
[2026-01-20 16:40:31Z INFO CredentialManager] Creating credential type: OAuth
[2026-01-20 16:40:31Z INFO HostContext] Well known directory 'Bin': 'C:\Users\samri\OneDrive\Documents\VSC Files\DevOps\markdown-editor\actions-runner\bin'
[2026-01-20 16:40:31Z INFO HostContext] Well known directory 'Root': 'C:\Users\samri\OneDrive\Documents\VSC Files\DevOps\markdown-editor\actions-runner'
[2026-01-20 16:40:31Z INFO HostContext] Well known config file 'RSACredentials': 'C:\Users\samri\OneDrive\Documents\VSC Files\DevOps\markdown-editor\actions-runner\.credentials_rsaparams'
[2026-01-20 16:40:31Z INFO RSAEncryptedFileKeyManager] Loading RSA key parameters from file C:\Users\samri\OneDrive\Documents\VSC Files\DevOps\markdown-editor\actions-runner\.credentials_rsaparams
[2026-01-20 16:40:31Z INFO BrokerMessageListener] Attempt to create session.
[2026-01-20 16:40:31Z INFO BrokerMessageListener] Connecting to the Broker Server...
[2026-01-20 16:40:31Z INFO ConfigurationStore] HasCredentials()
[2026-01-20 16:40:31Z INFO ConfigurationStore] stored True
[2026-01-20 16:40:31Z INFO CredentialManager] GetCredentialProvider
[2026-01-20 16:40:31Z INFO CredentialManager] Creating type OAuth
[2026-01-20 16:40:31Z INFO CredentialManager] Creating credential type: OAuth
[2026-01-20 16:40:31Z INFO RSAEncryptedFileKeyManager] Loading RSA key parameters from file C:\Users\samri\OneDrive\Documents\VSC Files\DevOps\markdown-editor\actions-runner\.credentials_rsaparams
[2026-01-20 16:40:31Z INFO BrokerMessageListener] VssConnection created
[2026-01-20 16:40:31Z INFO BrokerMessageListener] Connecting to the Runner server...
[2026-01-20 16:40:31Z INFO RunnerServer] EstablishVssConnection
[2026-01-20 16:40:31Z INFO RunnerServer] Establish connection with 100 seconds timeout.
[2026-01-20 16:40:31Z INFO GitHubActionsService] Starting operation Location.GetConnectionData
[2026-01-20 16:40:31Z INFO RunnerServer] EstablishVssConnection
[2026-01-20 16:40:31Z INFO RunnerServer] Establish connection with 60 seconds timeout.
[2026-01-20 16:40:31Z INFO GitHubActionsService] Starting operation Location.GetConnectionData
[2026-01-20 16:40:31Z INFO RunnerServer] EstablishVssConnection
[2026-01-20 16:40:31Z INFO RunnerServer] Establish connection with 60 seconds timeout.
[2026-01-20 16:40:31Z INFO GitHubActionsService] Starting operation Location.GetConnectionData
[2026-01-20 16:40:32Z INFO GitHubActionsService] Finished operation Location.GetConnectionData
[2026-01-20 16:40:32Z INFO GitHubActionsService] Finished operation Location.GetConnectionData
[2026-01-20 16:40:32Z INFO GitHubActionsService] Finished operation Location.GetConnectionData
[2026-01-20 16:40:32Z INFO BrokerMessageListener] VssConnection created
[2026-01-20 16:40:32Z INFO Terminal] WRITE LINE: 
[2026-01-20 16:40:32Z INFO Terminal] WRITE LINE: 
[2026-01-20 16:40:32Z INFO RSAEncryptedFileKeyManager] Loading RSA key parameters from file C:\Users\samri\OneDrive\Documents\VSC Files\DevOps\markdown-editor\actions-runner\.credentials_rsaparams
[2026-01-20 16:40:32Z INFO RSAEncryptedFileKeyManager] Loading RSA key parameters from file C:\Users\samri\OneDrive\Documents\VSC Files\DevOps\markdown-editor\actions-runner\.credentials_rsaparams
[2026-01-20 16:40:33Z INFO GitHubActionsService] AAD Correlation ID for this token request: Unknown
[2026-01-20 16:40:34Z INFO BrokerMessageListener] Session created.
[2026-01-20 16:40:34Z INFO Terminal] WRITE LINE: Current runner version: '2.331.0'
[2026-01-20 16:40:34Z INFO Terminal] WRITE LINE: 2026-01-20 16:40:34Z: Listening for Jobs
[2026-01-20 16:40:34Z INFO JobDispatcher] Set runner/worker IPC timeout to 30 seconds.
[2026-01-20 16:40:35Z INFO BrokerMessageListener] Acknowledging runner request '50ae6907-7d34-5cd1-a1e5-fadb89810012'.
[2026-01-20 16:40:35Z INFO ConfigurationStore] HasCredentials()
[2026-01-20 16:40:35Z INFO ConfigurationStore] stored True
[2026-01-20 16:40:35Z INFO CredentialManager] GetCredentialProvider
[2026-01-20 16:40:35Z INFO CredentialManager] Creating type OAuth
[2026-01-20 16:40:35Z INFO CredentialManager] Creating credential type: OAuth
[2026-01-20 16:40:35Z INFO RSAEncryptedFileKeyManager] Loading RSA key parameters from file C:\Users\samri\OneDrive\Documents\VSC Files\DevOps\markdown-editor\actions-runner\.credentials_rsaparams
[2026-01-20 16:40:35Z INFO RSAEncryptedFileKeyManager] Loading RSA key parameters from file C:\Users\samri\OneDrive\Documents\VSC Files\DevOps\markdown-editor\actions-runner\.credentials_rsaparams
[2026-01-20 16:40:35Z INFO RSAEncryptedFileKeyManager] Loading RSA key parameters from file C:\Users\samri\OneDrive\Documents\VSC Files\DevOps\markdown-editor\actions-runner\.credentials_rsaparams
[2026-01-20 16:40:37Z INFO GitHubActionsService] AAD Correlation ID for this token request: Unknown
[2026-01-20 16:40:39Z INFO JobDispatcher] Job request 0 for plan 9e74e1ea-96a2-489b-bce0-e7d35cab1056 job 50ae6907-7d34-5cd1-a1e5-fadb89810012 received.
[2026-01-20 16:40:39Z INFO JobDispatcher] Pull OrchestrationId 9e74e1ea-96a2-489b-bce0-e7d35cab1056.deploy.__default from JWT claims
[2026-01-20 16:40:39Z INFO BrokerMessageListener] Received job status event. JobState: Busy
[2026-01-20 16:40:39Z INFO BrokerMessageListener] _getMessagesTokenSource is already disposed.
[2026-01-20 16:40:39Z INFO Terminal] WRITE LINE: 2026-01-20 16:40:39Z: Running job: deploy
[2026-01-20 16:40:39Z INFO JobDispatcher] Start renew job request 0 for job 50ae6907-7d34-5cd1-a1e5-fadb89810012.
[2026-01-20 16:40:40Z INFO JobDispatcher] Successfully renew job 50ae6907-7d34-5cd1-a1e5-fadb89810012, job is valid till 20-01-2026 16:50:39
[2026-01-20 16:40:40Z INFO HostContext] Well known directory 'Bin': 'C:\Users\samri\OneDrive\Documents\VSC Files\DevOps\markdown-editor\actions-runner\bin'
[2026-01-20 16:40:40Z INFO ProcessInvokerWrapper] Starting process:
[2026-01-20 16:40:40Z INFO ProcessInvokerWrapper]   File name: 'C:\Users\samri\OneDrive\Documents\VSC Files\DevOps\markdown-editor\actions-runner\bin\Runner.Worker.exe'
[2026-01-20 16:40:40Z INFO ProcessInvokerWrapper]   Arguments: 'spawnclient 2376 2388'
[2026-01-20 16:40:40Z INFO ProcessInvokerWrapper]   Working directory: 'C:\Users\samri\OneDrive\Documents\VSC Files\DevOps\markdown-editor\actions-runner\bin'
[2026-01-20 16:40:40Z INFO ProcessInvokerWrapper]   Require exit code zero: 'False'
[2026-01-20 16:40:40Z INFO ProcessInvokerWrapper]   Encoding web name:  ; code page: ''
[2026-01-20 16:40:40Z INFO ProcessInvokerWrapper]   Force kill process on cancellation: 'True'
[2026-01-20 16:40:40Z INFO ProcessInvokerWrapper]   Redirected STDIN: 'False'
[2026-01-20 16:40:40Z INFO ProcessInvokerWrapper]   Persist current code page: 'False'
[2026-01-20 16:40:40Z INFO ProcessInvokerWrapper]   Keep redirected STDIN open: 'False'
[2026-01-20 16:40:40Z INFO ProcessInvokerWrapper]   High priority process: 'True'
[2026-01-20 16:40:40Z INFO ProcessInvokerWrapper] Process started with process id 32436, waiting for process exit.
[2026-01-20 16:40:40Z INFO JobDispatcher] Send job request message to worker for job 50ae6907-7d34-5cd1-a1e5-fadb89810012.
[2026-01-20 16:40:40Z INFO ProcessChannel] Sending message of length 33998, with hash '1084233e4063222bcfb8a07faf123b8f078348f213fde196a54ce94eac69ff99'
[2026-01-20 16:40:40Z INFO JobNotification] Entering JobStarted Notification
[2026-01-20 16:40:40Z INFO JobNotification] Entering StartMonitor
[2026-01-20 16:41:41Z INFO JobDispatcher] Successfully renew job 50ae6907-7d34-5cd1-a1e5-fadb89810012, job is valid till 20-01-2026 16:51:40
[2026-01-20 16:42:41Z INFO JobDispatcher] Successfully renew job 50ae6907-7d34-5cd1-a1e5-fadb89810012, job is valid till 20-01-2026 16:52:41
[2026-01-20 16:42:48Z INFO ProcessInvokerWrapper] STDOUT/STDERR stream read finished.
[2026-01-20 16:42:48Z INFO ProcessInvokerWrapper] STDOUT/STDERR stream read finished.
[2026-01-20 16:42:48Z INFO ProcessInvokerWrapper] Finished process 32436 with exit code 102, and elapsed time 00:02:08.7533306.
[2026-01-20 16:42:48Z INFO JobDispatcher] Worker finished for job 50ae6907-7d34-5cd1-a1e5-fadb89810012. Code: 102
[2026-01-20 16:42:48Z INFO JobDispatcher] finish job request for job 50ae6907-7d34-5cd1-a1e5-fadb89810012 with result: Failed
[2026-01-20 16:42:48Z INFO Terminal] WRITE LINE: 2026-01-20 16:42:48Z: Job deploy completed with result: Failed
[2026-01-20 16:42:48Z INFO JobDispatcher] Stop renew job request for job 50ae6907-7d34-5cd1-a1e5-fadb89810012.
[2026-01-20 16:42:48Z INFO JobDispatcher] job renew has been cancelled, stop renew job 50ae6907-7d34-5cd1-a1e5-fadb89810012.
[2026-01-20 16:42:48Z INFO JobNotification] Entering JobCompleted Notification
[2026-01-20 16:42:48Z INFO JobNotification] Entering EndMonitor
[2026-01-20 16:42:48Z INFO BrokerMessageListener] Received job status event. JobState: Online
[2026-01-20 16:42:48Z WARN GitHubActionsService] GET request to https://broker.actions.githubusercontent.com/message?sessionId=5ead00b0-2822-4b76-83e0-8685522547b4&status=Busy&runnerVersion=2.331.0&os=Windows&architecture=X64&disableUpdate=false has been cancelled.
[2026-01-20 16:42:48Z ERR  BrokerServer] Catch exception during request
[2026-01-20 16:42:48Z ERR  BrokerServer] System.Threading.Tasks.TaskCanceledException: The operation was canceled.
 ---> System.Threading.Tasks.TaskCanceledException: The operation was canceled.
 ---> System.IO.IOException: Unable to read data from the transport connection: The I/O operation has been aborted because of either a thread exit or an application request..
 ---> System.Net.Sockets.SocketException (995): The I/O operation has been aborted because of either a thread exit or an application request.
   --- End of inner exception stack trace ---
   at System.Net.Sockets.Socket.AwaitableSocketAsyncEventArgs.ThrowException(SocketError error, CancellationToken cancellationToken)
   at System.Net.Sockets.Socket.AwaitableSocketAsyncEventArgs.System.Threading.Tasks.Sources.IValueTaskSource<System.Int32>.GetResult(Int16 token)
   at System.Net.Security.SslStream.EnsureFullTlsFrameAsync[TIOAdapter](CancellationToken cancellationToken, Int32 estimatedSize)
   at System.Runtime.CompilerServices.PoolingAsyncValueTaskMethodBuilder`1.StateMachineBox`1.System.Threading.Tasks.Sources.IValueTaskSource<TResult>.GetResult(Int16 token)
   at System.Net.Security.SslStream.ReadAsyncInternal[TIOAdapter](Memory`1 buffer, CancellationToken cancellationToken)
   at System.Runtime.CompilerServices.PoolingAsyncValueTaskMethodBuilder`1.StateMachineBox`1.System.Threading.Tasks.Sources.IValueTaskSource<TResult>.GetResult(Int16 token)
   at System.Net.Http.HttpConnection.SendAsync(HttpRequestMessage request, Boolean async, CancellationToken cancellationToken)
   --- End of inner exception stack trace ---
   at System.Net.Http.HttpConnection.SendAsync(HttpRequestMessage request, Boolean async, CancellationToken cancellationToken)
   at System.Net.Http.AuthenticationHelper.SendWithNtAuthAsync(HttpRequestMessage request, Uri authUri, Boolean async, ICredentials credentials, Boolean isProxyAuth, HttpConnection connection, HttpConnectionPool connectionPool, CancellationToken cancellationToken)
   at System.Net.Http.HttpConnectionPool.SendWithVersionDetectionAndRetryAsync(HttpRequestMessage request, Boolean async, Boolean doRequestAuth, CancellationToken cancellationToken)
   at System.Net.Http.AuthenticationHelper.SendWithAuthAsync(HttpRequestMessage request, Uri authUri, Boolean async, ICredentials credentials, Boolean preAuthenticate, Boolean isProxyAuth, Boolean doRequestAuth, HttpConnectionPool pool, CancellationToken cancellationToken)
   at System.Net.Http.RedirectHandler.SendAsync(HttpRequestMessage request, Boolean async, CancellationToken cancellationToken)
   at GitHub.Services.Common.RawHttpMessageHandler.SendAsync(HttpRequestMessage request, CancellationToken cancellationToken)
   at GitHub.Services.Common.VssHttpRetryMessageHandler.SendAsync(HttpRequestMessage request, CancellationToken cancellationToken)
   at System.Net.Http.HttpClient.<SendAsync>g__Core|83_0(HttpRequestMessage request, HttpCompletionOption completionOption, CancellationTokenSource cts, Boolean disposeCts, CancellationTokenSource pendingRequestsCts, CancellationToken originalCancellationToken)
   --- End of inner exception stack trace ---
   at System.Net.Http.HttpClient.HandleFailure(Exception e, Boolean telemetryStarted, HttpResponseMessage response, CancellationTokenSource cts, CancellationToken cancellationToken, CancellationTokenSource pendingRequestsCts)
   at System.Net.Http.HttpClient.<SendAsync>g__Core|83_0(HttpRequestMessage request, HttpCompletionOption completionOption, CancellationTokenSource cts, Boolean disposeCts, CancellationTokenSource pendingRequestsCts, CancellationToken originalCancellationToken)
   at Sdk.WebApi.WebApi.RawHttpClientBase.SendAsync(HttpRequestMessage message, HttpCompletionOption completionOption, Object userState, CancellationToken cancellationToken)
   at Sdk.WebApi.WebApi.RawHttpClientBase.SendAsync[T](HttpRequestMessage message, Boolean readErrorBody, Object userState, CancellationToken cancellationToken)
   at Sdk.WebApi.WebApi.RawHttpClientBase.SendAsync[T](HttpMethod method, IEnumerable`1 additionalHeaders, Uri requestUri, HttpContent content, IEnumerable`1 queryParameters, Boolean readErrorBody, Object userState, CancellationToken cancellationToken)
   at GitHub.Actions.RunService.WebApi.BrokerHttpClient.GetRunnerMessageAsync(Nullable`1 sessionId, String runnerVersion, Nullable`1 status, String os, String architecture, Nullable`1 disableUpdate, CancellationToken cancellationToken)
   at GitHub.Runner.Common.BrokerServer.<>c__DisplayClass7_0.<<GetRunnerMessageAsync>b__0>d.MoveNext()
--- End of stack trace from previous location ---
   at GitHub.Runner.Common.RunnerService.RetryRequest[T](Func`1 func, CancellationToken cancellationToken, Int32 maxAttempts, Func`2 shouldRetry)
[2026-01-20 16:42:48Z ERR  BrokerServer] #####################################################
[2026-01-20 16:42:48Z ERR  BrokerServer] System.Threading.Tasks.TaskCanceledException: The operation was canceled.
 ---> System.IO.IOException: Unable to read data from the transport connection: The I/O operation has been aborted because of either a thread exit or an application request..
 ---> System.Net.Sockets.SocketException (995): The I/O operation has been aborted because of either a thread exit or an application request.
   --- End of inner exception stack trace ---
   at System.Net.Sockets.Socket.AwaitableSocketAsyncEventArgs.ThrowException(SocketError error, CancellationToken cancellationToken)
   at System.Net.Sockets.Socket.AwaitableSocketAsyncEventArgs.System.Threading.Tasks.Sources.IValueTaskSource<System.Int32>.GetResult(Int16 token)
   at System.Net.Security.SslStream.EnsureFullTlsFrameAsync[TIOAdapter](CancellationToken cancellationToken, Int32 estimatedSize)
   at System.Runtime.CompilerServices.PoolingAsyncValueTaskMethodBuilder`1.StateMachineBox`1.System.Threading.Tasks.Sources.IValueTaskSource<TResult>.GetResult(Int16 token)
   at System.Net.Security.SslStream.ReadAsyncInternal[TIOAdapter](Memory`1 buffer, CancellationToken cancellationToken)
   at System.Runtime.CompilerServices.PoolingAsyncValueTaskMethodBuilder`1.StateMachineBox`1.System.Threading.Tasks.Sources.IValueTaskSource<TResult>.GetResult(Int16 token)
   at System.Net.Http.HttpConnection.SendAsync(HttpRequestMessage request, Boolean async, CancellationToken cancellationToken)
   --- End of inner exception stack trace ---
   at System.Net.Http.HttpConnection.SendAsync(HttpRequestMessage request, Boolean async, CancellationToken cancellationToken)
   at System.Net.Http.AuthenticationHelper.SendWithNtAuthAsync(HttpRequestMessage request, Uri authUri, Boolean async, ICredentials credentials, Boolean isProxyAuth, HttpConnection connection, HttpConnectionPool connectionPool, CancellationToken cancellationToken)
   at System.Net.Http.HttpConnectionPool.SendWithVersionDetectionAndRetryAsync(HttpRequestMessage request, Boolean async, Boolean doRequestAuth, CancellationToken cancellationToken)
   at System.Net.Http.AuthenticationHelper.SendWithAuthAsync(HttpRequestMessage request, Uri authUri, Boolean async, ICredentials credentials, Boolean preAuthenticate, Boolean isProxyAuth, Boolean doRequestAuth, HttpConnectionPool pool, CancellationToken cancellationToken)
   at System.Net.Http.RedirectHandler.SendAsync(HttpRequestMessage request, Boolean async, CancellationToken cancellationToken)
   at GitHub.Services.Common.RawHttpMessageHandler.SendAsync(HttpRequestMessage request, CancellationToken cancellationToken)
   at GitHub.Services.Common.VssHttpRetryMessageHandler.SendAsync(HttpRequestMessage request, CancellationToken cancellationToken)
   at System.Net.Http.HttpClient.<SendAsync>g__Core|83_0(HttpRequestMessage request, HttpCompletionOption completionOption, CancellationTokenSource cts, Boolean disposeCts, CancellationTokenSource pendingRequestsCts, CancellationToken originalCancellationToken)
[2026-01-20 16:42:48Z ERR  BrokerServer] #####################################################
[2026-01-20 16:42:48Z ERR  BrokerServer] System.IO.IOException: Unable to read data from the transport connection: The I/O operation has been aborted because of either a thread exit or an application request..
 ---> System.Net.Sockets.SocketException (995): The I/O operation has been aborted because of either a thread exit or an application request.
   --- End of inner exception stack trace ---
   at System.Net.Sockets.Socket.AwaitableSocketAsyncEventArgs.ThrowException(SocketError error, CancellationToken cancellationToken)
   at System.Net.Sockets.Socket.AwaitableSocketAsyncEventArgs.System.Threading.Tasks.Sources.IValueTaskSource<System.Int32>.GetResult(Int16 token)
   at System.Net.Security.SslStream.EnsureFullTlsFrameAsync[TIOAdapter](CancellationToken cancellationToken, Int32 estimatedSize)
   at System.Runtime.CompilerServices.PoolingAsyncValueTaskMethodBuilder`1.StateMachineBox`1.System.Threading.Tasks.Sources.IValueTaskSource<TResult>.GetResult(Int16 token)
   at System.Net.Security.SslStream.ReadAsyncInternal[TIOAdapter](Memory`1 buffer, CancellationToken cancellationToken)
   at System.Runtime.CompilerServices.PoolingAsyncValueTaskMethodBuilder`1.StateMachineBox`1.System.Threading.Tasks.Sources.IValueTaskSource<TResult>.GetResult(Int16 token)
   at System.Net.Http.HttpConnection.SendAsync(HttpRequestMessage request, Boolean async, CancellationToken cancellationToken)
[2026-01-20 16:42:48Z ERR  BrokerServer] #####################################################
[2026-01-20 16:42:48Z ERR  BrokerServer] System.Net.Sockets.SocketException (995): The I/O operation has been aborted because of either a thread exit or an application request.
[2026-01-20 16:42:48Z WARN BrokerServer] Back off 6.406 seconds before next retry. 4 attempt left.
[2026-01-20 16:42:48Z INFO BrokerMessageListener] Get messages has been cancelled using local token source. Continue to get messages with new status.
[2026-01-20 16:44:50Z INFO Terminal] WRITE LINE: Exiting...
[2026-01-20 16:44:50Z INFO ConfigurationStore] IsServiceConfigured()
[2026-01-20 16:44:50Z INFO ConfigurationStore] IsServiceConfigured: False
[2026-01-20 16:44:50Z INFO HostContext] Runner will be shutdown for UserCancelled
[2026-01-20 16:44:50Z WARN GitHubActionsService] GET request to https://broker.actions.githubusercontent.com/message?sessionId=5ead00b0-2822-4b76-83e0-8685522547b4&status=Online&runnerVersion=2.331.0&os=Windows&architecture=X64&disableUpdate=false has been cancelled.
[2026-01-20 16:44:50Z ERR  BrokerServer] Catch exception during request
[2026-01-20 16:44:50Z ERR  BrokerServer] System.Threading.Tasks.TaskCanceledException: The operation was canceled.
 ---> System.Threading.Tasks.TaskCanceledException: The operation was canceled.
 ---> System.IO.IOException: Unable to read data from the transport connection: The I/O operation has been aborted because of either a thread exit or an application request..
 ---> System.Net.Sockets.SocketException (995): The I/O operation has been aborted because of either a thread exit or an application request.
   --- End of inner exception stack trace ---
   at System.Net.Sockets.Socket.AwaitableSocketAsyncEventArgs.ThrowException(SocketError error, CancellationToken cancellationToken)
   at System.Net.Sockets.Socket.AwaitableSocketAsyncEventArgs.System.Threading.Tasks.Sources.IValueTaskSource<System.Int32>.GetResult(Int16 token)
   at System.Net.Security.SslStream.EnsureFullTlsFrameAsync[TIOAdapter](CancellationToken cancellationToken, Int32 estimatedSize)
   at System.Runtime.CompilerServices.PoolingAsyncValueTaskMethodBuilder`1.StateMachineBox`1.System.Threading.Tasks.Sources.IValueTaskSource<TResult>.GetResult(Int16 token)
   at System.Net.Security.SslStream.ReadAsyncInternal[TIOAdapter](Memory`1 buffer, CancellationToken cancellationToken)
   at System.Runtime.CompilerServices.PoolingAsyncValueTaskMethodBuilder`1.StateMachineBox`1.System.Threading.Tasks.Sources.IValueTaskSource<TResult>.GetResult(Int16 token)
   at System.Net.Http.HttpConnection.SendAsync(HttpRequestMessage request, Boolean async, CancellationToken cancellationToken)
   --- End of inner exception stack trace ---
   at System.Net.Http.HttpConnection.SendAsync(HttpRequestMessage request, Boolean async, CancellationToken cancellationToken)
   at System.Net.Http.AuthenticationHelper.SendWithNtAuthAsync(HttpRequestMessage request, Uri authUri, Boolean async, ICredentials credentials, Boolean isProxyAuth, HttpConnection connection, HttpConnectionPool connectionPool, CancellationToken cancellationToken)
   at System.Net.Http.HttpConnectionPool.SendWithVersionDetectionAndRetryAsync(HttpRequestMessage request, Boolean async, Boolean doRequestAuth, CancellationToken cancellationToken)
   at System.Net.Http.AuthenticationHelper.SendWithAuthAsync(HttpRequestMessage request, Uri authUri, Boolean async, ICredentials credentials, Boolean preAuthenticate, Boolean isProxyAuth, Boolean doRequestAuth, HttpConnectionPool pool, CancellationToken cancellationToken)
   at System.Net.Http.RedirectHandler.SendAsync(HttpRequestMessage request, Boolean async, CancellationToken cancellationToken)
   at GitHub.Services.Common.RawHttpMessageHandler.SendAsync(HttpRequestMessage request, CancellationToken cancellationToken)
   at GitHub.Services.Common.VssHttpRetryMessageHandler.SendAsync(HttpRequestMessage request, CancellationToken cancellationToken)
   at System.Net.Http.HttpClient.<SendAsync>g__Core|83_0(HttpRequestMessage request, HttpCompletionOption completionOption, CancellationTokenSource cts, Boolean disposeCts, CancellationTokenSource pendingRequestsCts, CancellationToken originalCancellationToken)
   --- End of inner exception stack trace ---
   at System.Net.Http.HttpClient.HandleFailure(Exception e, Boolean telemetryStarted, HttpResponseMessage response, CancellationTokenSource cts, CancellationToken cancellationToken, CancellationTokenSource pendingRequestsCts)
   at System.Net.Http.HttpClient.<SendAsync>g__Core|83_0(HttpRequestMessage request, HttpCompletionOption completionOption, CancellationTokenSource cts, Boolean disposeCts, CancellationTokenSource pendingRequestsCts, CancellationToken originalCancellationToken)
   at Sdk.WebApi.WebApi.RawHttpClientBase.SendAsync(HttpRequestMessage message, HttpCompletionOption completionOption, Object userState, CancellationToken cancellationToken)
   at Sdk.WebApi.WebApi.RawHttpClientBase.SendAsync[T](HttpRequestMessage message, Boolean readErrorBody, Object userState, CancellationToken cancellationToken)
   at Sdk.WebApi.WebApi.RawHttpClientBase.SendAsync[T](HttpMethod method, IEnumerable`1 additionalHeaders, Uri requestUri, HttpContent content, IEnumerable`1 queryParameters, Boolean readErrorBody, Object userState, CancellationToken cancellationToken)
   at GitHub.Actions.RunService.WebApi.BrokerHttpClient.GetRunnerMessageAsync(Nullable`1 sessionId, String runnerVersion, Nullable`1 status, String os, String architecture, Nullable`1 disableUpdate, CancellationToken cancellationToken)
   at GitHub.Runner.Common.BrokerServer.<>c__DisplayClass7_0.<<GetRunnerMessageAsync>b__0>d.MoveNext()
--- End of stack trace from previous location ---
   at GitHub.Runner.Common.RunnerService.RetryRequest[T](Func`1 func, CancellationToken cancellationToken, Int32 maxAttempts, Func`2 shouldRetry)
[2026-01-20 16:44:50Z ERR  BrokerServer] #####################################################
[2026-01-20 16:44:50Z ERR  BrokerServer] System.Threading.Tasks.TaskCanceledException: The operation was canceled.
 ---> System.IO.IOException: Unable to read data from the transport connection: The I/O operation has been aborted because of either a thread exit or an application request..
 ---> System.Net.Sockets.SocketException (995): The I/O operation has been aborted because of either a thread exit or an application request.
   --- End of inner exception stack trace ---
   at System.Net.Sockets.Socket.AwaitableSocketAsyncEventArgs.ThrowException(SocketError error, CancellationToken cancellationToken)
   at System.Net.Sockets.Socket.AwaitableSocketAsyncEventArgs.System.Threading.Tasks.Sources.IValueTaskSource<System.Int32>.GetResult(Int16 token)
   at System.Net.Security.SslStream.EnsureFullTlsFrameAsync[TIOAdapter](CancellationToken cancellationToken, Int32 estimatedSize)
   at System.Runtime.CompilerServices.PoolingAsyncValueTaskMethodBuilder`1.StateMachineBox`1.System.Threading.Tasks.Sources.IValueTaskSource<TResult>.GetResult(Int16 token)
   at System.Net.Security.SslStream.ReadAsyncInternal[TIOAdapter](Memory`1 buffer, CancellationToken cancellationToken)
   at System.Runtime.CompilerServices.PoolingAsyncValueTaskMethodBuilder`1.StateMachineBox`1.System.Threading.Tasks.Sources.IValueTaskSource<TResult>.GetResult(Int16 token)
   at System.Net.Http.HttpConnection.SendAsync(HttpRequestMessage request, Boolean async, CancellationToken cancellationToken)
   --- End of inner exception stack trace ---
   at System.Net.Http.HttpConnection.SendAsync(HttpRequestMessage request, Boolean async, CancellationToken cancellationToken)
   at System.Net.Http.AuthenticationHelper.SendWithNtAuthAsync(HttpRequestMessage request, Uri authUri, Boolean async, ICredentials credentials, Boolean isProxyAuth, HttpConnection connection, HttpConnectionPool connectionPool, CancellationToken cancellationToken)
   at System.Net.Http.HttpConnectionPool.SendWithVersionDetectionAndRetryAsync(HttpRequestMessage request, Boolean async, Boolean doRequestAuth, CancellationToken cancellationToken)
   at System.Net.Http.AuthenticationHelper.SendWithAuthAsync(HttpRequestMessage request, Uri authUri, Boolean async, ICredentials credentials, Boolean preAuthenticate, Boolean isProxyAuth, Boolean doRequestAuth, HttpConnectionPool pool, CancellationToken cancellationToken)
   at System.Net.Http.RedirectHandler.SendAsync(HttpRequestMessage request, Boolean async, CancellationToken cancellationToken)
   at GitHub.Services.Common.RawHttpMessageHandler.SendAsync(HttpRequestMessage request, CancellationToken cancellationToken)
   at GitHub.Services.Common.VssHttpRetryMessageHandler.SendAsync(HttpRequestMessage request, CancellationToken cancellationToken)
   at System.Net.Http.HttpClient.<SendAsync>g__Core|83_0(HttpRequestMessage request, HttpCompletionOption completionOption, CancellationTokenSource cts, Boolean disposeCts, CancellationTokenSource pendingRequestsCts, CancellationToken originalCancellationToken)
[2026-01-20 16:44:50Z ERR  BrokerServer] #####################################################
[2026-01-20 16:44:50Z ERR  BrokerServer] System.IO.IOException: Unable to read data from the transport connection: The I/O operation has been aborted because of either a thread exit or an application request..
 ---> System.Net.Sockets.SocketException (995): The I/O operation has been aborted because of either a thread exit or an application request.
   --- End of inner exception stack trace ---
   at System.Net.Sockets.Socket.AwaitableSocketAsyncEventArgs.ThrowException(SocketError error, CancellationToken cancellationToken)
   at System.Net.Sockets.Socket.AwaitableSocketAsyncEventArgs.System.Threading.Tasks.Sources.IValueTaskSource<System.Int32>.GetResult(Int16 token)
   at System.Net.Security.SslStream.EnsureFullTlsFrameAsync[TIOAdapter](CancellationToken cancellationToken, Int32 estimatedSize)
   at System.Runtime.CompilerServices.PoolingAsyncValueTaskMethodBuilder`1.StateMachineBox`1.System.Threading.Tasks.Sources.IValueTaskSource<TResult>.GetResult(Int16 token)
   at System.Net.Security.SslStream.ReadAsyncInternal[TIOAdapter](Memory`1 buffer, CancellationToken cancellationToken)
   at System.Runtime.CompilerServices.PoolingAsyncValueTaskMethodBuilder`1.StateMachineBox`1.System.Threading.Tasks.Sources.IValueTaskSource<TResult>.GetResult(Int16 token)
   at System.Net.Http.HttpConnection.SendAsync(HttpRequestMessage request, Boolean async, CancellationToken cancellationToken)
[2026-01-20 16:44:50Z ERR  BrokerServer] #####################################################
[2026-01-20 16:44:50Z ERR  BrokerServer] System.Net.Sockets.SocketException (995): The I/O operation has been aborted because of either a thread exit or an application request.
[2026-01-20 16:44:50Z WARN BrokerServer] Back off 7.841 seconds before next retry. 4 attempt left.
[2026-01-20 16:44:50Z INFO BrokerMessageListener] Get next message has been cancelled.
[2026-01-20 16:44:50Z INFO JobDispatcher] Shutting down JobDispatcher. Make sure all WorkerDispatcher has finished.
[2026-01-20 16:44:50Z INFO JobDispatcher] Ensure WorkerDispatcher for job 50ae6907-7d34-5cd1-a1e5-fadb89810012 run to finish, cancel any running job.
[2026-01-20 16:44:50Z INFO JobDispatcher] Job request 50ae6907-7d34-5cd1-a1e5-fadb89810012 processed succeed.
[2026-01-20 16:44:50Z INFO Runner] Deleting Runner Session...
[2026-01-20 16:44:51Z INFO Listener] Runner execution been cancelled.
